<?xml version="1.0" encoding="UTF-8"?>
<testsuite xmlns:xsi="http://www.w3.org/2001/XMLSchema-instance" xsi:noNamespaceSchemaLocation="https://maven.apache.org/surefire/maven-surefire-plugin/xsd/surefire-test-report.xsd" name="com.mycompany.app.AppTest" time="0.045" tests="4" errors="0" skipped="0" failures="0">
  <properties>
[...]
</properties>
  <testcase name="firstTest" classname="com.mycompany.app.AppTest" time="0.016"/>
  <testcase name="secondTest" classname="com.mycompany.app.AppTest" time="0.003"/>
  <testcase name="thirdTest" classname="com.mycompany.app.AppTest" time="0.001"/>
  <testcase name="canary" classname="com.mycompany.app.AppTest" time="0.005"/>
</testsuite>